********************************************************************************
DUPLICATOR-LITE PACKAGE-LOG: 26 de June de 2018 21:46
NOTICE: Do NOT post to public sites or forums 
********************************************************************************
VERSION:	1.2.40
WORDPRESS:	4.9.6
PHP INFO:	5.6.30 | SAPI: cgi-fcgi
SERVER:		Apache 
PHP TIME LIMIT: (0) no time limit imposed 
PHP MAX MEMORY: 2048M (256M default) 
MEMORY STACK: 50.5MB 

********************************************************************************
DATABASE:
********************************************************************************
BUILD MODE:   MYSQLDUMP
MYSQLTIMEOUT: 5000
MYSQLDUMP:    Is Supported 
FILTERED: [] 
RESPONSE: Ran from /usr/bin/mysqldump 
TABLES: total:16 | filtered:0 | create:16 
SQL CREATED: 20180329_devnet_c475853dbfab71305160180626214553_database.sql 
SQL FILE SIZE: 456.76KB (467726) 
SQL FILE TIME: 2018-06-26 21:46:49 
SQL RUNTIME: 0.20 sec. 

******************************************************************************** 
ARCHIVE (ZIP): 
******************************************************************************** 
ARCHIVE DIR:  /home/bage3921/public_html/lajeado360.com 
ARCHIVE FILE: 20180329_devnet_c475853dbfab71305160180626214553_archive.zip 
FILTERS: *OFF* 
DIRS:
	not set 
FILES:
	not set 
EXTS:  not set 
---------------------------------------- 
COMPRESSING 
SIZE:	68.75MB 
STATS:	Dirs 646 | Files 4,557 
SQL ADDED: 20180329_devnet_c475853dbfab71305160180626214553_database.sql 
ZipArchive Object
(
    [status] => 0
    [statusSys] => 0
    [numFiles] => 5203
    [filename] => /home/bage3921/public_html/lajeado360.com/wp-snapshots/tmp/20180329_devnet_c475853dbfab71305160180626214553_archive.zip
    [comment] => 
)
 
COMPRESSION RESULT: '1' 
COMPRESSED SIZE: 32.77MB 
ARCHIVE RUNTIME: 18.62 sec. 
MEMORY STACK: 52.75MB 

******************************************************************************** 
MAKE INSTALLER: 
******************************************************************************** 
Build Start 
Build Finished 
Preping for use 
PACK SIZE:  
Template parsed with new data 
Complete [/home/bage3921/public_html/lajeado360.com/wp-snapshots/tmp/20180329_devnet_c475853dbfab71305160180626214553_installer.php] 
Added to archive 

******************************************************************************** 
INTEGRITY CHECKS: 
******************************************************************************** 
SQL File: 456.76KB 
Installer File: 445.88KB 
Archive File: 32.77MB  

********************************************************************************
RECORD ID:[7]
TOTAL PROCESS RUNTIME: 19.27 sec.
PEAK PHP MEMORY USED: 54.75MB
DONE PROCESSING => 20180329_devnet 26 de June de 2018 21:47
 
