********************************************************************************
DUPLICATOR-LITE PACKAGE-LOG: 11 de July de 2018 13:14
NOTICE: Do NOT post to public sites or forums 
********************************************************************************
VERSION:	1.2.40
WORDPRESS:	4.9.7
PHP INFO:	5.6.30 | SAPI: cgi-fcgi
SERVER:		Apache 
PHP TIME LIMIT: (0) no time limit imposed 
PHP MAX MEMORY: 2048M (256M default) 
MEMORY STACK: 43MB 

********************************************************************************
DATABASE:
********************************************************************************
BUILD MODE:   MYSQLDUMP
MYSQLTIMEOUT: 5000
MYSQLDUMP:    Is Supported 
FILTERED: [] 
RESPONSE: Ran from /usr/bin/mysqldump 
TABLES: total:16 | filtered:0 | create:16 
SQL CREATED: 20180329_devnet_be9092918cbe54951339180711131445_database.sql 
SQL FILE SIZE: 848.7KB (869064) 
SQL FILE TIME: 2018-07-11 13:14:58 
SQL RUNTIME: 0.30 sec. 

******************************************************************************** 
ARCHIVE (ZIP): 
******************************************************************************** 
ARCHIVE DIR:  /home/bage3921/public_html/lajeado360.com 
ARCHIVE FILE: 20180329_devnet_be9092918cbe54951339180711131445_archive.zip 
FILTERS: *OFF* 
DIRS:
	not set 
FILES:
	not set 
EXTS:  not set 
---------------------------------------- 
COMPRESSING 
SIZE:	69.12MB 
STATS:	Dirs 648 | Files 4,580 
SQL ADDED: 20180329_devnet_be9092918cbe54951339180711131445_database.sql 
ZipArchive Object
(
    [status] => 0
    [statusSys] => 0
    [numFiles] => 5228
    [filename] => /home/bage3921/public_html/lajeado360.com/wp-snapshots/tmp/20180329_devnet_be9092918cbe54951339180711131445_archive.zip
    [comment] => 
)
 
COMPRESSION RESULT: '1' 
COMPRESSED SIZE: 33.22MB 
ARCHIVE RUNTIME: 27.13 sec. 
MEMORY STACK: 45.25MB 

******************************************************************************** 
MAKE INSTALLER: 
******************************************************************************** 
Build Start 
Build Finished 
Preping for use 
PACK SIZE:  
Template parsed with new data 
Complete [/home/bage3921/public_html/lajeado360.com/wp-snapshots/tmp/20180329_devnet_be9092918cbe54951339180711131445_installer.php] 
Added to archive 

******************************************************************************** 
INTEGRITY CHECKS: 
******************************************************************************** 
SQL File: 848.7KB 
Installer File: 445.88KB 
Archive File: 33.22MB  

********************************************************************************
RECORD ID:[9]
TOTAL PROCESS RUNTIME: 28.02 sec.
PEAK PHP MEMORY USED: 47.75MB
DONE PROCESSING => 20180329_devnet 11 de July de 2018 13:15
 
